{"C:\\Users\\pedsu\\Documents\\Projects\\Alura\\curso-react\\react-todo-list\\src\\App.jsx": {"path":"C:\\Users\\pedsu\\Documents\\Projects\\Alura\\curso-react\\react-todo-list\\src\\App.jsx","statementMap":{"0":{"start":{"line":24,"column":6},"end":{"line":24,"column":22}},"1":{"start":{"line":26,"column":2},"end":{"line":61,"column":4}},"2":{"start":{"line":39,"column":39},"end":{"line":39,"column":51}},"3":{"start":{"line":45,"column":39},"end":{"line":45,"column":50}},"4":{"start":{"line":50,"column":38},"end":{"line":50,"column":54}}},"fnMap":{"0":{"name":"App","decl":{"start":{"line":16,"column":9},"end":{"line":16,"column":12}},"loc":{"start":{"line":16,"column":15},"end":{"line":62,"column":1}},"line":16},"1":{"name":"(anonymous_1)","decl":{"start":{"line":39,"column":32},"end":{"line":39,"column":33}},"loc":{"start":{"line":39,"column":39},"end":{"line":39,"column":51}},"line":39},"2":{"name":"(anonymous_2)","decl":{"start":{"line":45,"column":32},"end":{"line":45,"column":33}},"loc":{"start":{"line":45,"column":39},"end":{"line":45,"column":50}},"line":45},"3":{"name":"(anonymous_3)","decl":{"start":{"line":50,"column":32},"end":{"line":50,"column":33}},"loc":{"start":{"line":50,"column":38},"end":{"line":50,"column":54}},"line":50}},"branchMap":{"0":{"loc":{"start":{"line":42,"column":11},"end":{"line":42,"column":71}},"type":"binary-expr","locations":[{"start":{"line":42,"column":11},"end":{"line":42,"column":28}},{"start":{"line":42,"column":32},"end":{"line":42,"column":42}},{"start":{"line":42,"column":46},"end":{"line":42,"column":71}}],"line":42}},"s":{"0":0,"1":0,"2":0,"3":0,"4":0},"f":{"0":0,"1":0,"2":0,"3":0},"b":{"0":[0,0,0]}}
,"C:\\Users\\pedsu\\Documents\\Projects\\Alura\\curso-react\\react-todo-list\\src\\main.jsx": {"path":"C:\\Users\\pedsu\\Documents\\Projects\\Alura\\curso-react\\react-todo-list\\src\\main.jsx","statementMap":{"0":{"start":{"line":7,"column":0},"end":{"line":13,"column":2}}},"fnMap":{},"branchMap":{},"s":{"0":0},"f":{},"b":{}}
,"C:\\Users\\pedsu\\Documents\\Projects\\Alura\\curso-react\\react-todo-list\\src\\components\\Button\\index.jsx": {"path":"C:\\Users\\pedsu\\Documents\\Projects\\Alura\\curso-react\\react-todo-list\\src\\components\\Button\\index.jsx","statementMap":{"0":{"start":{"line":4,"column":2},"end":{"line":8,"column":4}}},"fnMap":{"0":{"name":"Button","decl":{"start":{"line":3,"column":16},"end":{"line":3,"column":22}},"loc":{"start":{"line":3,"column":47},"end":{"line":9,"column":1}},"line":3}},"branchMap":{},"s":{"0":3},"f":{"0":3},"b":{},"_coverageSchema":"1a1c01bbd47fc00a2c39e90264f33305004495a9","hash":"abd00fa81fc1246bd297ebd27aba128fe7d940d9"}
,"C:\\Users\\pedsu\\Documents\\Projects\\Alura\\curso-react\\react-todo-list\\src\\components\\ChecklistsWrapper\\index.jsx": {"path":"C:\\Users\\pedsu\\Documents\\Projects\\Alura\\curso-react\\react-todo-list\\src\\components\\ChecklistsWrapper\\index.jsx","statementMap":{"0":{"start":{"line":4,"column":4},"end":{"line":6,"column":14}}},"fnMap":{"0":{"name":"ChecklistsWrapper","decl":{"start":{"line":3,"column":16},"end":{"line":3,"column":33}},"loc":{"start":{"line":3,"column":48},"end":{"line":7,"column":1}},"line":3}},"branchMap":{},"s":{"0":1},"f":{"0":1},"b":{},"_coverageSchema":"1a1c01bbd47fc00a2c39e90264f33305004495a9","hash":"7da1e019be1db141ea29e725c407cd96ae0fe3fb"}
,"C:\\Users\\pedsu\\Documents\\Projects\\Alura\\curso-react\\react-todo-list\\src\\components\\Container\\index.jsx": {"path":"C:\\Users\\pedsu\\Documents\\Projects\\Alura\\curso-react\\react-todo-list\\src\\components\\Container\\index.jsx","statementMap":{"0":{"start":{"line":4,"column":4},"end":{"line":6,"column":15}}},"fnMap":{"0":{"name":"Container","decl":{"start":{"line":3,"column":16},"end":{"line":3,"column":25}},"loc":{"start":{"line":3,"column":41},"end":{"line":7,"column":1}},"line":3}},"branchMap":{},"s":{"0":1},"f":{"0":1},"b":{},"_coverageSchema":"1a1c01bbd47fc00a2c39e90264f33305004495a9","hash":"0df45d5c2383c6656dae2228c5c3b56ec8888991"}
,"C:\\Users\\pedsu\\Documents\\Projects\\Alura\\curso-react\\react-todo-list\\src\\components\\Dialog\\index.jsx": {"path":"C:\\Users\\pedsu\\Documents\\Projects\\Alura\\curso-react\\react-todo-list\\src\\components\\Dialog\\index.jsx","statementMap":{"0":{"start":{"line":5,"column":14},"end":{"line":5,"column":21}},"1":{"start":{"line":8,"column":20},"end":{"line":8,"column":32}},"2":{"start":{"line":10,"column":2},"end":{"line":12,"column":15}},"3":{"start":{"line":11,"column":4},"end":{"line":11,"column":42}},"4":{"start":{"line":14,"column":2},"end":{"line":20,"column":16}},"5":{"start":{"line":15,"column":19},"end":{"line":15,"column":36}},"6":{"start":{"line":16,"column":4},"end":{"line":16,"column":45}},"7":{"start":{"line":17,"column":4},"end":{"line":19,"column":6}},"8":{"start":{"line":18,"column":6},"end":{"line":18,"column":47}},"9":{"start":{"line":22,"column":21},"end":{"line":24,"column":3}},"10":{"start":{"line":23,"column":4},"end":{"line":23,"column":34}},"11":{"start":{"line":26,"column":22},"end":{"line":28,"column":3}},"12":{"start":{"line":27,"column":4},"end":{"line":27,"column":30}},"13":{"start":{"line":30,"column":2},"end":{"line":41,"column":4}}},"fnMap":{"0":{"name":"Dialog","decl":{"start":{"line":7,"column":16},"end":{"line":7,"column":22}},"loc":{"start":{"line":7,"column":54},"end":{"line":42,"column":1}},"line":7},"1":{"name":"(anonymous_1)","decl":{"start":{"line":10,"column":12},"end":{"line":10,"column":13}},"loc":{"start":{"line":10,"column":18},"end":{"line":12,"column":3}},"line":10},"2":{"name":"(anonymous_2)","decl":{"start":{"line":14,"column":12},"end":{"line":14,"column":13}},"loc":{"start":{"line":14,"column":18},"end":{"line":20,"column":3}},"line":14},"3":{"name":"(anonymous_3)","decl":{"start":{"line":17,"column":11},"end":{"line":17,"column":12}},"loc":{"start":{"line":17,"column":17},"end":{"line":19,"column":5}},"line":17},"4":{"name":"(anonymous_4)","decl":{"start":{"line":22,"column":21},"end":{"line":22,"column":22}},"loc":{"start":{"line":22,"column":27},"end":{"line":24,"column":3}},"line":22},"5":{"name":"(anonymous_5)","decl":{"start":{"line":26,"column":22},"end":{"line":26,"column":23}},"loc":{"start":{"line":26,"column":28},"end":{"line":28,"column":3}},"line":26}},"branchMap":{"0":{"loc":{"start":{"line":11,"column":4},"end":{"line":11,"column":41}},"type":"cond-expr","locations":[{"start":{"line":11,"column":13},"end":{"line":11,"column":25}},{"start":{"line":11,"column":28},"end":{"line":11,"column":41}}],"line":11}},"s":{"0":0,"1":0,"2":0,"3":0,"4":0,"5":0,"6":0,"7":0,"8":0,"9":0,"10":0,"11":0,"12":0,"13":0},"f":{"0":0,"1":0,"2":0,"3":0,"4":0,"5":0},"b":{"0":[0,0]}}
,"C:\\Users\\pedsu\\Documents\\Projects\\Alura\\curso-react\\react-todo-list\\src\\components\\EmptyState\\index.jsx": {"path":"C:\\Users\\pedsu\\Documents\\Projects\\Alura\\curso-react\\react-todo-list\\src\\components\\EmptyState\\index.jsx","statementMap":{"0":{"start":{"line":4,"column":2},"end":{"line":9,"column":4}}},"fnMap":{"0":{"name":"EmptyState","decl":{"start":{"line":3,"column":16},"end":{"line":3,"column":26}},"loc":{"start":{"line":3,"column":29},"end":{"line":10,"column":1}},"line":3}},"branchMap":{},"s":{"0":0},"f":{"0":0},"b":{}}
,"C:\\Users\\pedsu\\Documents\\Projects\\Alura\\curso-react\\react-todo-list\\src\\components\\FabButton\\index.jsx": {"path":"C:\\Users\\pedsu\\Documents\\Projects\\Alura\\curso-react\\react-todo-list\\src\\components\\FabButton\\index.jsx","statementMap":{"0":{"start":{"line":4,"column":2},"end":{"line":8,"column":4}}},"fnMap":{"0":{"name":"FabButton","decl":{"start":{"line":3,"column":16},"end":{"line":3,"column":25}},"loc":{"start":{"line":3,"column":68},"end":{"line":9,"column":1}},"line":3}},"branchMap":{"0":{"loc":{"start":{"line":3,"column":38},"end":{"line":3,"column":55}},"type":"default-arg","locations":[{"start":{"line":3,"column":53},"end":{"line":3,"column":55}}],"line":3}},"s":{"0":17},"f":{"0":17},"b":{"0":[0]},"_coverageSchema":"1a1c01bbd47fc00a2c39e90264f33305004495a9","hash":"0075f12a0fb2e22207d823f12d04ed852f7be61e"}
,"C:\\Users\\pedsu\\Documents\\Projects\\Alura\\curso-react\\react-todo-list\\src\\components\\Footer\\index.jsx": {"path":"C:\\Users\\pedsu\\Documents\\Projects\\Alura\\curso-react\\react-todo-list\\src\\components\\Footer\\index.jsx","statementMap":{"0":{"start":{"line":4,"column":4},"end":{"line":8,"column":5}}},"fnMap":{"0":{"name":"Footer","decl":{"start":{"line":3,"column":16},"end":{"line":3,"column":22}},"loc":{"start":{"line":3,"column":38},"end":{"line":9,"column":1}},"line":3}},"branchMap":{},"s":{"0":0},"f":{"0":0},"b":{}}
,"C:\\Users\\pedsu\\Documents\\Projects\\Alura\\curso-react\\react-todo-list\\src\\components\\Header\\index.jsx": {"path":"C:\\Users\\pedsu\\Documents\\Projects\\Alura\\curso-react\\react-todo-list\\src\\components\\Header\\index.jsx","statementMap":{"0":{"start":{"line":4,"column":4},"end":{"line":6,"column":14}}},"fnMap":{"0":{"name":"Header","decl":{"start":{"line":3,"column":16},"end":{"line":3,"column":22}},"loc":{"start":{"line":3,"column":38},"end":{"line":7,"column":1}},"line":3}},"branchMap":{},"s":{"0":2},"f":{"0":2},"b":{},"_coverageSchema":"1a1c01bbd47fc00a2c39e90264f33305004495a9","hash":"0daea55fb00ab6784c7b6acf9fdf3cab82a7672d"}
,"C:\\Users\\pedsu\\Documents\\Projects\\Alura\\curso-react\\react-todo-list\\src\\components\\Heading\\index.jsx": {"path":"C:\\Users\\pedsu\\Documents\\Projects\\Alura\\curso-react\\react-todo-list\\src\\components\\Heading\\index.jsx","statementMap":{"0":{"start":{"line":4,"column":4},"end":{"line":8,"column":5}}},"fnMap":{"0":{"name":"Heading","decl":{"start":{"line":3,"column":16},"end":{"line":3,"column":23}},"loc":{"start":{"line":3,"column":39},"end":{"line":9,"column":1}},"line":3}},"branchMap":{},"s":{"0":0},"f":{"0":0},"b":{}}
,"C:\\Users\\pedsu\\Documents\\Projects\\Alura\\curso-react\\react-todo-list\\src\\components\\SubHeading\\index.jsx": {"path":"C:\\Users\\pedsu\\Documents\\Projects\\Alura\\curso-react\\react-todo-list\\src\\components\\SubHeading\\index.jsx","statementMap":{"0":{"start":{"line":4,"column":4},"end":{"line":8,"column":5}}},"fnMap":{"0":{"name":"SubHeading","decl":{"start":{"line":3,"column":16},"end":{"line":3,"column":26}},"loc":{"start":{"line":3,"column":42},"end":{"line":9,"column":1}},"line":3}},"branchMap":{},"s":{"0":4},"f":{"0":4},"b":{},"_coverageSchema":"1a1c01bbd47fc00a2c39e90264f33305004495a9","hash":"fcb278cbab45ac43435e0ce99a9ae2dca7a8d0f2"}
,"C:\\Users\\pedsu\\Documents\\Projects\\Alura\\curso-react\\react-todo-list\\src\\components\\TextInput\\index.jsx": {"path":"C:\\Users\\pedsu\\Documents\\Projects\\Alura\\curso-react\\react-todo-list\\src\\components\\TextInput\\index.jsx","statementMap":{"0":{"start":{"line":4,"column":2},"end":{"line":4,"column":65}}},"fnMap":{"0":{"name":"TextInput","decl":{"start":{"line":3,"column":16},"end":{"line":3,"column":25}},"loc":{"start":{"line":3,"column":40},"end":{"line":5,"column":1}},"line":3}},"branchMap":{},"s":{"0":3},"f":{"0":3},"b":{},"_coverageSchema":"1a1c01bbd47fc00a2c39e90264f33305004495a9","hash":"34c0cf10ca7547860062990ca90bf3d6096b03b9"}
,"C:\\Users\\pedsu\\Documents\\Projects\\Alura\\curso-react\\react-todo-list\\src\\components\\ToDoCount\\index.jsx": {"path":"C:\\Users\\pedsu\\Documents\\Projects\\Alura\\curso-react\\react-todo-list\\src\\components\\ToDoCount\\index.jsx","statementMap":{"0":{"start":{"line":8,"column":36},"end":{"line":8,"column":47}},"1":{"start":{"line":9,"column":42},"end":{"line":9,"column":57}},"2":{"start":{"line":11,"column":21},"end":{"line":16,"column":3}},"3":{"start":{"line":12,"column":4},"end":{"line":12,"column":26}},"4":{"start":{"line":13,"column":25},"end":{"line":13,"column":41}},"5":{"start":{"line":14,"column":4},"end":{"line":14,"column":38}},"6":{"start":{"line":15,"column":4},"end":{"line":15,"column":27}},"7":{"start":{"line":18,"column":2},"end":{"line":20,"column":9}},"8":{"start":{"line":19,"column":4},"end":{"line":19,"column":17}},"9":{"start":{"line":22,"column":2},"end":{"line":34,"column":4}}},"fnMap":{"0":{"name":"ToDoCount","decl":{"start":{"line":7,"column":16},"end":{"line":7,"column":25}},"loc":{"start":{"line":7,"column":28},"end":{"line":35,"column":1}},"line":7},"1":{"name":"(anonymous_1)","decl":{"start":{"line":11,"column":21},"end":{"line":11,"column":22}},"loc":{"start":{"line":11,"column":33},"end":{"line":16,"column":3}},"line":11},"2":{"name":"(anonymous_2)","decl":{"start":{"line":18,"column":12},"end":{"line":18,"column":13}},"loc":{"start":{"line":18,"column":18},"end":{"line":20,"column":3}},"line":18}},"branchMap":{},"s":{"0":17,"1":17,"2":17,"3":6,"4":6,"5":6,"6":6,"7":17,"8":5,"9":17},"f":{"0":17,"1":6,"2":5},"b":{},"_coverageSchema":"1a1c01bbd47fc00a2c39e90264f33305004495a9","hash":"6de50be49289a2af234bd74a1deb2a9fded18972"}
,"C:\\Users\\pedsu\\Documents\\Projects\\Alura\\curso-react\\react-todo-list\\src\\components\\ToDoForm\\index.jsx": {"path":"C:\\Users\\pedsu\\Documents\\Projects\\Alura\\curso-react\\react-todo-list\\src\\components\\ToDoForm\\index.jsx","statementMap":{"0":{"start":{"line":8,"column":27},"end":{"line":8,"column":43}},"1":{"start":{"line":10,"column":2},"end":{"line":21,"column":4}}},"fnMap":{"0":{"name":"ToDoForm","decl":{"start":{"line":7,"column":16},"end":{"line":7,"column":24}},"loc":{"start":{"line":7,"column":39},"end":{"line":22,"column":1}},"line":7}},"branchMap":{},"s":{"0":3,"1":3},"f":{"0":3},"b":{},"_coverageSchema":"1a1c01bbd47fc00a2c39e90264f33305004495a9","hash":"0faabaa994ac55143866ee24f970288db2ecadc6"}
,"C:\\Users\\pedsu\\Documents\\Projects\\Alura\\curso-react\\react-todo-list\\src\\components\\ToDoGroup\\index.jsx": {"path":"C:\\Users\\pedsu\\Documents\\Projects\\Alura\\curso-react\\react-todo-list\\src\\components\\ToDoGroup\\index.jsx","statementMap":{"0":{"start":{"line":6,"column":22},"end":{"line":22,"column":3}},"1":{"start":{"line":7,"column":4},"end":{"line":9,"column":5}},"2":{"start":{"line":8,"column":6},"end":{"line":8,"column":60}},"3":{"start":{"line":11,"column":4},"end":{"line":13,"column":5}},"4":{"start":{"line":12,"column":6},"end":{"line":12,"column":72}},"5":{"start":{"line":15,"column":4},"end":{"line":21,"column":6}},"6":{"start":{"line":18,"column":10},"end":{"line":18,"column":50}},"7":{"start":{"line":24,"column":2},"end":{"line":29,"column":4}}},"fnMap":{"0":{"name":"ToDoGroup","decl":{"start":{"line":5,"column":16},"end":{"line":5,"column":25}},"loc":{"start":{"line":5,"column":57},"end":{"line":30,"column":1}},"line":5},"1":{"name":"(anonymous_1)","decl":{"start":{"line":6,"column":22},"end":{"line":6,"column":23}},"loc":{"start":{"line":6,"column":28},"end":{"line":22,"column":3}},"line":6},"2":{"name":"(anonymous_2)","decl":{"start":{"line":17,"column":19},"end":{"line":17,"column":20}},"loc":{"start":{"line":17,"column":32},"end":{"line":19,"column":9}},"line":17}},"branchMap":{"0":{"loc":{"start":{"line":7,"column":4},"end":{"line":9,"column":5}},"type":"if","locations":[{"start":{"line":7,"column":4},"end":{"line":9,"column":5}},{"start":{},"end":{}}],"line":7},"1":{"loc":{"start":{"line":11,"column":4},"end":{"line":13,"column":5}},"type":"if","locations":[{"start":{"line":11,"column":4},"end":{"line":13,"column":5}},{"start":{},"end":{}}],"line":11}},"s":{"0":4,"1":4,"2":1,"3":3,"4":2,"5":1,"6":2,"7":4},"f":{"0":4,"1":4,"2":2},"b":{"0":[1,3],"1":[2,1]},"_coverageSchema":"1a1c01bbd47fc00a2c39e90264f33305004495a9","hash":"331278ab75ffe94021c80e06533e05a905f879d7"}
,"C:\\Users\\pedsu\\Documents\\Projects\\Alura\\curso-react\\react-todo-list\\src\\components\\ToDoItem\\index.jsx": {"path":"C:\\Users\\pedsu\\Documents\\Projects\\Alura\\curso-react\\react-todo-list\\src\\components\\ToDoItem\\index.jsx","statementMap":{"0":{"start":{"line":8,"column":62},"end":{"line":8,"column":78}},"1":{"start":{"line":10,"column":17},"end":{"line":10,"column":43}},"2":{"start":{"line":12,"column":2},"end":{"line":43,"column":4}},"3":{"start":{"line":22,"column":25},"end":{"line":22,"column":50}},"4":{"start":{"line":29,"column":27},"end":{"line":29,"column":43}},"5":{"start":{"line":36,"column":27},"end":{"line":36,"column":47}}},"fnMap":{"0":{"name":"ToDoItem","decl":{"start":{"line":7,"column":16},"end":{"line":7,"column":24}},"loc":{"start":{"line":7,"column":35},"end":{"line":44,"column":1}},"line":7},"1":{"name":"(anonymous_1)","decl":{"start":{"line":22,"column":19},"end":{"line":22,"column":20}},"loc":{"start":{"line":22,"column":25},"end":{"line":22,"column":50}},"line":22},"2":{"name":"(anonymous_2)","decl":{"start":{"line":29,"column":21},"end":{"line":29,"column":22}},"loc":{"start":{"line":29,"column":27},"end":{"line":29,"column":43}},"line":29},"3":{"name":"(anonymous_3)","decl":{"start":{"line":36,"column":21},"end":{"line":36,"column":22}},"loc":{"start":{"line":36,"column":27},"end":{"line":36,"column":47}},"line":36}},"branchMap":{},"s":{"0":6,"1":6,"2":6,"3":1,"4":1,"5":1},"f":{"0":6,"1":1,"2":1,"3":1},"b":{},"_coverageSchema":"1a1c01bbd47fc00a2c39e90264f33305004495a9","hash":"a978ef4c0927cb057263d015e051d4d0ad51d2e2"}
,"C:\\Users\\pedsu\\Documents\\Projects\\Alura\\curso-react\\react-todo-list\\src\\components\\ToDoItem\\mergeClass.js": {"path":"C:\\Users\\pedsu\\Documents\\Projects\\Alura\\curso-react\\react-todo-list\\src\\components\\ToDoItem\\mergeClass.js","statementMap":{"0":{"start":{"line":2,"column":17},"end":{"line":2,"column":30}},"1":{"start":{"line":4,"column":2},"end":{"line":6,"column":3}},"2":{"start":{"line":5,"column":4},"end":{"line":5,"column":29}},"3":{"start":{"line":8,"column":2},"end":{"line":8,"column":26}}},"fnMap":{"0":{"name":"mergeClass","decl":{"start":{"line":1,"column":24},"end":{"line":1,"column":34}},"loc":{"start":{"line":1,"column":60},"end":{"line":9,"column":1}},"line":1}},"branchMap":{"0":{"loc":{"start":{"line":1,"column":35},"end":{"line":1,"column":58}},"type":"default-arg","locations":[{"start":{"line":1,"column":53},"end":{"line":1,"column":58}}],"line":1},"1":{"loc":{"start":{"line":4,"column":2},"end":{"line":6,"column":3}},"type":"if","locations":[{"start":{"line":4,"column":2},"end":{"line":6,"column":3}},{"start":{},"end":{}}],"line":4}},"s":{"0":9,"1":9,"2":2,"3":9},"f":{"0":9},"b":{"0":[1],"1":[2,7]},"_coverageSchema":"1a1c01bbd47fc00a2c39e90264f33305004495a9","hash":"c44785e7a0bfee8334dd9233ba4c83fc35e52c01"}
,"C:\\Users\\pedsu\\Documents\\Projects\\Alura\\curso-react\\react-todo-list\\src\\components\\ToDoList\\index.jsx": {"path":"C:\\Users\\pedsu\\Documents\\Projects\\Alura\\curso-react\\react-todo-list\\src\\components\\ToDoList\\index.jsx","statementMap":{"0":{"start":{"line":4,"column":4},"end":{"line":8,"column":5}}},"fnMap":{"0":{"name":"ToDoList","decl":{"start":{"line":3,"column":16},"end":{"line":3,"column":24}},"loc":{"start":{"line":3,"column":40},"end":{"line":9,"column":1}},"line":3}},"branchMap":{},"s":{"0":1},"f":{"0":1},"b":{},"_coverageSchema":"1a1c01bbd47fc00a2c39e90264f33305004495a9","hash":"4daa197d68fe9c4870c8e40c4a7fb0f17ef7e53c"}
,"C:\\Users\\pedsu\\Documents\\Projects\\Alura\\curso-react\\react-todo-list\\src\\components\\TodoProvider\\TodoContext.js": {"path":"C:\\Users\\pedsu\\Documents\\Projects\\Alura\\curso-react\\react-todo-list\\src\\components\\TodoProvider\\TodoContext.js","statementMap":{"0":{"start":{"line":3,"column":20},"end":{"line":3,"column":35}}},"fnMap":{},"branchMap":{},"s":{"0":4},"f":{},"b":{},"_coverageSchema":"1a1c01bbd47fc00a2c39e90264f33305004495a9","hash":"a3f3d89268fd99d7d51e9a9d6445ccee19bcb0a0"}
,"C:\\Users\\pedsu\\Documents\\Projects\\Alura\\curso-react\\react-todo-list\\src\\components\\TodoProvider\\index.jsx": {"path":"C:\\Users\\pedsu\\Documents\\Projects\\Alura\\curso-react\\react-todo-list\\src\\components\\TodoProvider\\index.jsx","statementMap":{"0":{"start":{"line":11,"column":28},"end":{"line":11,"column":40}},"1":{"start":{"line":12,"column":36},"end":{"line":12,"column":51}},"2":{"start":{"line":13,"column":38},"end":{"line":13,"column":53}},"3":{"start":{"line":14,"column":42},"end":{"line":14,"column":52}},"4":{"start":{"line":16,"column":2},"end":{"line":29,"column":9}},"5":{"start":{"line":17,"column":23},"end":{"line":20,"column":5}},"6":{"start":{"line":18,"column":27},"end":{"line":18,"column":43}},"7":{"start":{"line":19,"column":6},"end":{"line":19,"column":29}},"8":{"start":{"line":23,"column":4},"end":{"line":23,"column":23}},"9":{"start":{"line":25,"column":4},"end":{"line":28,"column":13}},"10":{"start":{"line":26,"column":6},"end":{"line":26,"column":19}},"11":{"start":{"line":27,"column":6},"end":{"line":27,"column":26}},"12":{"start":{"line":31,"column":21},"end":{"line":55,"column":3}},"13":{"start":{"line":32,"column":4},"end":{"line":52,"column":5}},"14":{"start":{"line":33,"column":26},"end":{"line":36,"column":7}},"15":{"start":{"line":38,"column":6},"end":{"line":40,"column":8}},"16":{"start":{"line":39,"column":8},"end":{"line":39,"column":73}},"17":{"start":{"line":39,"column":29},"end":{"line":39,"column":71}},"18":{"start":{"line":42,"column":6},"end":{"line":42,"column":36}},"19":{"start":{"line":44,"column":22},"end":{"line":48,"column":7}},"20":{"start":{"line":50,"column":26},"end":{"line":50,"column":51}},"21":{"start":{"line":51,"column":6},"end":{"line":51,"column":57}},"22":{"start":{"line":51,"column":29},"end":{"line":51,"column":55}},"23":{"start":{"line":54,"column":4},"end":{"line":54,"column":22}},"24":{"start":{"line":57,"column":21},"end":{"line":60,"column":3}},"25":{"start":{"line":58,"column":4},"end":{"line":58,"column":71}},"26":{"start":{"line":58,"column":28},"end":{"line":58,"column":69}},"27":{"start":{"line":58,"column":52},"end":{"line":58,"column":68}},"28":{"start":{"line":59,"column":4},"end":{"line":59,"column":30}},"29":{"start":{"line":62,"column":30},"end":{"line":74,"column":3}},"30":{"start":{"line":63,"column":4},"end":{"line":73,"column":7}},"31":{"start":{"line":64,"column":6},"end":{"line":72,"column":9}},"32":{"start":{"line":65,"column":8},"end":{"line":70,"column":9}},"33":{"start":{"line":66,"column":10},"end":{"line":69,"column":12}},"34":{"start":{"line":71,"column":8},"end":{"line":71,"column":17}},"35":{"start":{"line":76,"column":25},"end":{"line":81,"column":3}},"36":{"start":{"line":77,"column":4},"end":{"line":79,"column":5}},"37":{"start":{"line":78,"column":6},"end":{"line":78,"column":28}},"38":{"start":{"line":80,"column":4},"end":{"line":80,"column":24}},"39":{"start":{"line":83,"column":26},"end":{"line":86,"column":3}},"40":{"start":{"line":84,"column":4},"end":{"line":84,"column":25}},"41":{"start":{"line":85,"column":4},"end":{"line":85,"column":26}},"42":{"start":{"line":88,"column":2},"end":{"line":104,"column":4}}},"fnMap":{"0":{"name":"TodoProvider","decl":{"start":{"line":10,"column":16},"end":{"line":10,"column":28}},"loc":{"start":{"line":10,"column":43},"end":{"line":105,"column":1}},"line":10},"1":{"name":"(anonymous_1)","decl":{"start":{"line":16,"column":12},"end":{"line":16,"column":13}},"loc":{"start":{"line":16,"column":18},"end":{"line":29,"column":3}},"line":16},"2":{"name":"(anonymous_2)","decl":{"start":{"line":17,"column":23},"end":{"line":17,"column":24}},"loc":{"start":{"line":17,"column":35},"end":{"line":20,"column":5}},"line":17},"3":{"name":"(anonymous_3)","decl":{"start":{"line":25,"column":15},"end":{"line":25,"column":16}},"loc":{"start":{"line":25,"column":21},"end":{"line":28,"column":5}},"line":25},"4":{"name":"(anonymous_4)","decl":{"start":{"line":31,"column":21},"end":{"line":31,"column":22}},"loc":{"start":{"line":31,"column":41},"end":{"line":55,"column":3}},"line":31},"5":{"name":"(anonymous_5)","decl":{"start":{"line":38,"column":15},"end":{"line":38,"column":16}},"loc":{"start":{"line":39,"column":8},"end":{"line":39,"column":73}},"line":39},"6":{"name":"(anonymous_6)","decl":{"start":{"line":39,"column":21},"end":{"line":39,"column":22}},"loc":{"start":{"line":39,"column":29},"end":{"line":39,"column":71}},"line":39},"7":{"name":"(anonymous_7)","decl":{"start":{"line":51,"column":15},"end":{"line":51,"column":16}},"loc":{"start":{"line":51,"column":29},"end":{"line":51,"column":55}},"line":51},"8":{"name":"(anonymous_8)","decl":{"start":{"line":57,"column":21},"end":{"line":57,"column":22}},"loc":{"start":{"line":57,"column":37},"end":{"line":60,"column":3}},"line":57},"9":{"name":"(anonymous_9)","decl":{"start":{"line":58,"column":13},"end":{"line":58,"column":14}},"loc":{"start":{"line":58,"column":28},"end":{"line":58,"column":69}},"line":58},"10":{"name":"(anonymous_10)","decl":{"start":{"line":58,"column":45},"end":{"line":58,"column":46}},"loc":{"start":{"line":58,"column":52},"end":{"line":58,"column":68}},"line":58},"11":{"name":"(anonymous_11)","decl":{"start":{"line":62,"column":30},"end":{"line":62,"column":31}},"loc":{"start":{"line":62,"column":40},"end":{"line":74,"column":3}},"line":62},"12":{"name":"(anonymous_12)","decl":{"start":{"line":63,"column":13},"end":{"line":63,"column":14}},"loc":{"start":{"line":63,"column":28},"end":{"line":73,"column":5}},"line":63},"13":{"name":"(anonymous_13)","decl":{"start":{"line":64,"column":27},"end":{"line":64,"column":28}},"loc":{"start":{"line":64,"column":34},"end":{"line":72,"column":7}},"line":64},"14":{"name":"(anonymous_14)","decl":{"start":{"line":76,"column":25},"end":{"line":76,"column":26}},"loc":{"start":{"line":76,"column":35},"end":{"line":81,"column":3}},"line":76},"15":{"name":"(anonymous_15)","decl":{"start":{"line":83,"column":26},"end":{"line":83,"column":27}},"loc":{"start":{"line":83,"column":32},"end":{"line":86,"column":3}},"line":83}},"branchMap":{"0":{"loc":{"start":{"line":32,"column":4},"end":{"line":52,"column":5}},"type":"if","locations":[{"start":{"line":32,"column":4},"end":{"line":52,"column":5}},{"start":{"line":43,"column":11},"end":{"line":52,"column":5}}],"line":32},"1":{"loc":{"start":{"line":39,"column":29},"end":{"line":39,"column":71}},"type":"cond-expr","locations":[{"start":{"line":39,"column":56},"end":{"line":39,"column":67}},{"start":{"line":39,"column":70},"end":{"line":39,"column":71}}],"line":39},"2":{"loc":{"start":{"line":65,"column":8},"end":{"line":70,"column":9}},"type":"if","locations":[{"start":{"line":65,"column":8},"end":{"line":70,"column":9}},{"start":{},"end":{}}],"line":65},"3":{"loc":{"start":{"line":77,"column":4},"end":{"line":79,"column":5}},"type":"if","locations":[{"start":{"line":77,"column":4},"end":{"line":79,"column":5}},{"start":{},"end":{}}],"line":77}},"s":{"0":3,"1":3,"2":3,"3":3,"4":3,"5":1,"6":1,"7":1,"8":1,"9":1,"10":1,"11":1,"12":3,"13":0,"14":0,"15":0,"16":0,"17":0,"18":0,"19":0,"20":0,"21":0,"22":0,"23":0,"24":3,"25":0,"26":0,"27":0,"28":0,"29":3,"30":0,"31":0,"32":0,"33":0,"34":0,"35":3,"36":0,"37":0,"38":0,"39":3,"40":0,"41":0,"42":3},"f":{"0":3,"1":1,"2":1,"3":1,"4":0,"5":0,"6":0,"7":0,"8":0,"9":0,"10":0,"11":0,"12":0,"13":0,"14":0,"15":0},"b":{"0":[0,0],"1":[0,0],"2":[0,0],"3":[0,0]},"_coverageSchema":"1a1c01bbd47fc00a2c39e90264f33305004495a9","hash":"3fe29e70d4759d1e2f6731440e91793b7e9a26bb"}
,"C:\\Users\\pedsu\\Documents\\Projects\\Alura\\curso-react\\react-todo-list\\src\\components\\icons\\index.jsx": {"path":"C:\\Users\\pedsu\\Documents\\Projects\\Alura\\curso-react\\react-todo-list\\src\\components\\icons\\index.jsx","statementMap":{"0":{"start":{"line":2,"column":2},"end":{"line":17,"column":4}},"1":{"start":{"line":20,"column":2},"end":{"line":35,"column":4}},"2":{"start":{"line":38,"column":2},"end":{"line":53,"column":4}},"3":{"start":{"line":56,"column":2},"end":{"line":71,"column":4}},"4":{"start":{"line":74,"column":2},"end":{"line":89,"column":4}},"5":{"start":{"line":93,"column":2},"end":{"line":109,"column":4}}},"fnMap":{"0":{"name":"IconSchool","decl":{"start":{"line":1,"column":16},"end":{"line":1,"column":26}},"loc":{"start":{"line":1,"column":29},"end":{"line":18,"column":1}},"line":1},"1":{"name":"IconPencil","decl":{"start":{"line":19,"column":16},"end":{"line":19,"column":26}},"loc":{"start":{"line":19,"column":29},"end":{"line":36,"column":1}},"line":19},"2":{"name":"IconTrash","decl":{"start":{"line":37,"column":16},"end":{"line":37,"column":25}},"loc":{"start":{"line":37,"column":28},"end":{"line":54,"column":1}},"line":37},"3":{"name":"IconPlus","decl":{"start":{"line":55,"column":16},"end":{"line":55,"column":24}},"loc":{"start":{"line":55,"column":27},"end":{"line":72,"column":1}},"line":55},"4":{"name":"IconClose","decl":{"start":{"line":73,"column":16},"end":{"line":73,"column":25}},"loc":{"start":{"line":73,"column":28},"end":{"line":90,"column":1}},"line":73},"5":{"name":"IconRefresh","decl":{"start":{"line":92,"column":16},"end":{"line":92,"column":27}},"loc":{"start":{"line":92,"column":30},"end":{"line":110,"column":1}},"line":92}},"branchMap":{},"s":{"0":1,"1":7,"2":7,"3":1,"4":1,"5":18},"f":{"0":1,"1":7,"2":7,"3":1,"4":1,"5":18},"b":{},"_coverageSchema":"1a1c01bbd47fc00a2c39e90264f33305004495a9","hash":"da42613a4dbadd7eecec6b20a22f56506b4a559b"}
,"C:\\Users\\pedsu\\Documents\\Projects\\Alura\\curso-react\\react-todo-list\\src\\helpers\\customRenderer.jsx": {"path":"C:\\Users\\pedsu\\Documents\\Projects\\Alura\\curso-react\\react-todo-list\\src\\helpers\\customRenderer.jsx","statementMap":{"0":{"start":{"line":5,"column":2},"end":{"line":7,"column":4}}},"fnMap":{"0":{"name":"customRenderer","decl":{"start":{"line":4,"column":24},"end":{"line":4,"column":38}},"loc":{"start":{"line":4,"column":63},"end":{"line":8,"column":1}},"line":4}},"branchMap":{"0":{"loc":{"start":{"line":4,"column":50},"end":{"line":4,"column":61}},"type":"default-arg","locations":[{"start":{"line":4,"column":59},"end":{"line":4,"column":61}}],"line":4}},"s":{"0":10},"f":{"0":10},"b":{"0":[4]},"_coverageSchema":"1a1c01bbd47fc00a2c39e90264f33305004495a9","hash":"30b0ab9ec8624bc3f1b40e1d72f3ec1fd8c1f11c"}
,"C:\\Users\\pedsu\\Documents\\Projects\\Alura\\curso-react\\react-todo-list\\src\\services\\TodoService.js": {"path":"C:\\Users\\pedsu\\Documents\\Projects\\Alura\\curso-react\\react-todo-list\\src\\services\\TodoService.js","statementMap":{"0":{"start":{"line":1,"column":16},"end":{"line":1,"column":45}},"1":{"start":{"line":3,"column":24},"end":{"line":6,"column":1}},"2":{"start":{"line":4,"column":19},"end":{"line":4,"column":39}},"3":{"start":{"line":5,"column":2},"end":{"line":5,"column":25}},"4":{"start":{"line":8,"column":26},"end":{"line":17,"column":1}},"5":{"start":{"line":9,"column":19},"end":{"line":15,"column":4}},"6":{"start":{"line":16,"column":2},"end":{"line":16,"column":25}},"7":{"start":{"line":19,"column":26},"end":{"line":28,"column":1}},"8":{"start":{"line":20,"column":19},"end":{"line":26,"column":4}},"9":{"start":{"line":27,"column":2},"end":{"line":27,"column":25}},"10":{"start":{"line":30,"column":26},"end":{"line":34,"column":1}},"11":{"start":{"line":31,"column":2},"end":{"line":33,"column":5}}},"fnMap":{"0":{"name":"(anonymous_0)","decl":{"start":{"line":3,"column":24},"end":{"line":3,"column":25}},"loc":{"start":{"line":3,"column":36},"end":{"line":6,"column":1}},"line":3},"1":{"name":"(anonymous_1)","decl":{"start":{"line":8,"column":26},"end":{"line":8,"column":27}},"loc":{"start":{"line":8,"column":42},"end":{"line":17,"column":1}},"line":8},"2":{"name":"(anonymous_2)","decl":{"start":{"line":19,"column":26},"end":{"line":19,"column":27}},"loc":{"start":{"line":19,"column":42},"end":{"line":28,"column":1}},"line":19},"3":{"name":"(anonymous_3)","decl":{"start":{"line":30,"column":26},"end":{"line":30,"column":27}},"loc":{"start":{"line":30,"column":40},"end":{"line":34,"column":1}},"line":30}},"branchMap":{},"s":{"0":2,"1":2,"2":0,"3":0,"4":2,"5":0,"6":0,"7":2,"8":0,"9":0,"10":2,"11":0},"f":{"0":0,"1":0,"2":0,"3":0},"b":{},"_coverageSchema":"1a1c01bbd47fc00a2c39e90264f33305004495a9","hash":"09ff299eeb712dfefa4228fb0e644112d8a78fae"}
}
